Library-System-Android-master/app/build/outputs/logs/manifest-merger-debug-report.txt
-- Merging decision tree log ---
manifest
ADDED from src/main/AndroidManifest.xml:2:1-139:12
	package
		ADDED from src/main/AndroidManifest.xml:3:5-45
		INJECTED from src/main/AndroidManifest.xml
		INJECTED from src/main/AndroidManifest.xml
	android:versionName
		INJECTED from src/main/AndroidManifest.xml
		INJECTED from src/main/AndroidManifest.xml
	xmlns:android
		ADDED from src/main/AndroidManifest.xml:2:11-69
	android:versionCode
		INJECTED from src/main/AndroidManifest.xml
		INJECTED from src/main/AndroidManifest.xml
application
ADDED from src/main/AndroidManifest.xml:5:5-137:19
	android:label
		ADDED from src/main/AndroidManifest.xml:7:9-41
	android:allowBackup
		ADDED from src/main/AndroidManifest.xml:6:9-35
	android:theme
		ADDED from src/main/AndroidManifest.xml:8:9-56
activity#edu1.csumb.mike.Library_System.MainActivity
ADDED from src/main/AndroidManifest.xml:9:9-17:20
	android:label
		ADDED from src/main/AndroidManifest.xml:11:13-45
	android:name
		ADDED from src/main/AndroidManifest.xml:10:13-71
intent-filter#android.intent.action.MAIN+android.intent.category.LAUNCHER
ADDED from src/main/AndroidManifest.xml:12:13-16:29
action#android.intent.action.MAIN
ADDED from src/main/AndroidManifest.xml:13:17-69
	android:name
		ADDED from src/main/AndroidManifest.xml:13:25-66
category#android.intent.category.LAUNCHER
ADDED from src/main/AndroidManifest.xml:15:17-77
	android:name
		ADDED from src/main/AndroidManifest.xml:15:27-74
activity#edu1.csumb.mike.Library_System.CreateClass
ADDED from src/main/AndroidManifest.xml:18:9-26:20
	android:label
		ADDED from src/main/AndroidManifest.xml:20:13-45
	android:name
		ADDED from src/main/AndroidManifest.xml:19:13-70
intent-filter#android.intent.category.LAUNCHER
ADDED from src/main/AndroidManifest.xml:21:13-25:29
activity#edu1.csumb.mike.Library_System.CancelHold
ADDED from src/main/AndroidManifest.xml:27:9-35:20
	android:label
		ADDED from src/main/AndroidManifest.xml:29:13-45
	android:name
		ADDED from src/main/AndroidManifest.xml:28:13-69
activity#edu1.csumb.mike.Library_System.ManageSystem
ADDED from src/main/AndroidManifest.xml:36:9-44:20
	android:label
		ADDED from src/main/AndroidManifest.xml:38:13-45
	android:name
		ADDED from src/main/AndroidManifest.xml:37:13-71
activity#edu1.csumb.mike.Library_System.PlaceHold
ADDED from src/main/AndroidManifest.xml:45:9-53:20
	android:label
		ADDED from src/main/AndroidManifest.xml:47:13-45
	android:name
		ADDED from src/main/AndroidManifest.xml:46:13-68
activity#edu1.csumb.mike.Library_System.LoginHold
ADDED from src/main/AndroidManifest.xml:54:9-62:20
	android:label
		ADDED from src/main/AndroidManifest.xml:56:13-45
	android:name
		ADDED from src/main/AndroidManifest.xml:55:13-68
activity#edu1.csumb.mike.Library_System.DropOff
ADDED from src/main/AndroidManifest.xml:63:9-71:20
	android:label
		ADDED from src/main/AndroidManifest.xml:65:13-45
	android:name
		ADDED from src/main/AndroidManifest.xml:64:13-66
activity#edu1.csumb.mike.Library_System.BookResults
ADDED from src/main/AndroidManifest.xml:72:9-80:20
	android:label
		ADDED from src/main/AndroidManifest.xml:74:13-45
	android:name
		ADDED from src/main/AndroidManifest.xml:73:13-70
activity#edu1.csumb.mike.Library_System.AddBook
ADDED from src/main/AndroidManifest.xml:81:9-89:16
	android:label
		ADDED from src/main/AndroidManifest.xml:83:9-41
	android:name
		ADDED from src/main/AndroidManifest.xml:82:9-62
activity#edu1.csumb.mike.Library_System.Inventory
ADDED from src/main/AndroidManifest.xml:90:9-98:20
	android:label
		ADDED from src/main/AndroidManifest.xml:92:13-45
	android:name
		ADDED from src/main/AndroidManifest.xml:91:13-68
activity#edu1.csumb.mike.Library_System.Confirm
ADDED from src/main/AndroidManifest.xml:99:9-107:20
	android:label
		ADDED from src/main/AndroidManifest.xml:101:13-45
	android:name
		ADDED from src/main/AndroidManifest.xml:100:13-66
activity#edu1.csumb.mike.Library_System.Log
ADDED from src/main/AndroidManifest.xml:108:9-116:20
	android:label
		ADDED from src/main/AndroidManifest.xml:110:13-45
	android:name
		ADDED from src/main/AndroidManifest.xml:109:13-62
activity#edu1.csumb.mike.Library_System.LoginCancel
ADDED from src/main/AndroidManifest.xml:118:9-126:20
	android:label
		ADDED from src/main/AndroidManifest.xml:120:13-45
	android:name
		ADDED from src/main/AndroidManifest.xml:119:13-70
activity#edu1.csumb.mike.Library_System.LoginAdmin
ADDED from src/main/AndroidManifest.xml:127:9-135:20
	android:label
		ADDED from src/main/AndroidManifest.xml:129:13-45
	android:name
		ADDED from src/main/AndroidManifest.xml:128:13-69
uses-sdk
INJECTED from src/main/AndroidManifest.xml reason: use-sdk injection requested
	android:targetSdkVersion
		INJECTED from src/main/AndroidManifest.xml
		INJECTED from src/main/AndroidManifest.xml
	android:minSdkVersion
		INJECTED from src/main/AndroidManifest.xml
		INJECTED from src/main/AndroidManifest.xml